[  0%] Built target pcl_msgs_generate_messages_lisp
[  4%] Built target radar_ego_velocity_estimator_gencfg
[  4%] Built target tf2_msgs_generate_messages_nodejs
[  4%] Built target tf2_msgs_generate_messages_lisp
[  4%] Built target actionlib_msgs_generate_messages_py
[  4%] Built target actionlib_msgs_generate_messages_cpp
[  4%] Built target actionlib_generate_messages_cpp
[  4%] Built target actionlib_generate_messages_py
[  4%] Built target actionlib_generate_messages_nodejs
[  4%] Built target tf_generate_messages_nodejs
[  4%] Built target tf_generate_messages_cpp
[  4%] Built target tf2_msgs_generate_messages_eus
[  4%] Built target tf_generate_messages_lisp
[  4%] Built target sensor_msgs_generate_messages_py
[  4%] Built target sensor_msgs_generate_messages_cpp
[  4%] Built target actionlib_generate_messages_eus
[  4%] Built target sensor_msgs_generate_messages_nodejs
[  4%] Built target std_srvs_generate_messages_lisp
[  4%] Built target rosgraph_msgs_generate_messages_cpp
[  4%] Built target tf2_msgs_generate_messages_cpp
[  4%] Built target std_srvs_generate_messages_eus
[  4%] Built target pcl_msgs_generate_messages_py
[  4%] Built target dynamic_reconfigure_generate_messages_lisp
[  4%] Built target std_msgs_generate_messages_cpp
[  4%] Built target std_msgs_generate_messages_py
[  4%] Built target geometry_msgs_generate_messages_eus
[  4%] Built target std_srvs_generate_messages_cpp
[  4%] Built target rosgraph_msgs_generate_messages_nodejs
[ 30%] Built target odrpack
[ 30%] Built target tf_generate_messages_eus
[ 30%] Built target roscpp_generate_messages_lisp
[ 30%] Built target rosgraph_msgs_generate_messages_lisp
[ 30%] Built target nodelet_generate_messages_lisp
[ 30%] Built target actionlib_generate_messages_lisp
[ 30%] Built target std_msgs_generate_messages_nodejs
[ 30%] Built target dynamic_reconfigure_generate_messages_py
[ 30%] Built target std_msgs_generate_messages_lisp
[ 30%] Built target actionlib_msgs_generate_messages_eus
[ 30%] Built target roscpp_generate_messages_py
[ 30%] Built target dynamic_reconfigure_generate_messages_cpp
[ 30%] Built target rosgraph_msgs_generate_messages_py
[ 30%] Built target std_srvs_generate_messages_py
[ 30%] Built target topic_tools_generate_messages_eus
[ 30%] Built target pcl_ros_gencfg
[ 30%] Built target rosgraph_msgs_generate_messages_eus
[ 30%] Built target topic_tools_generate_messages_py
[ 30%] Built target roscpp_generate_messages_cpp
[ 30%] Built target roscpp_generate_messages_eus
[ 30%] Built target topic_tools_generate_messages_nodejs
[ 30%] Built target topic_tools_generate_messages_cpp
[ 30%] Built target actionlib_msgs_generate_messages_nodejs
[ 30%] Built target std_msgs_generate_messages_eus
[ 30%] Built target roscpp_generate_messages_nodejs
[ 30%] Built target actionlib_msgs_generate_messages_lisp
[ 30%] Built target tf_generate_messages_py
[ 30%] Built target topic_tools_generate_messages_lisp
[ 30%] Built target pcl_msgs_generate_messages_eus
[ 30%] Built target dynamic_reconfigure_gencfg
[ 30%] Built target sensor_msgs_generate_messages_lisp
[ 30%] Built target nodelet_generate_messages_cpp
[ 30%] Built target pcl_msgs_generate_messages_cpp
[ 30%] Built target nodelet_topic_tools_gencfg
[ 30%] Built target sensor_msgs_generate_messages_eus
[ 30%] Built target geometry_msgs_generate_messages_lisp
[ 30%] Built target geometry_msgs_generate_messages_cpp
[ 30%] Built target dynamic_reconfigure_generate_messages_eus
[ 30%] Built target geometry_msgs_generate_messages_nodejs
[ 30%] Built target nodelet_generate_messages_nodejs
[ 30%] Built target geometry_msgs_generate_messages_py
[ 30%] Built target nodelet_generate_messages_eus
[ 30%] Built target bond_generate_messages_nodejs
[ 30%] Built target std_srvs_generate_messages_nodejs
[ 30%] Built target bond_generate_messages_cpp
[ 30%] Built target nodelet_generate_messages_py
[ 30%] Built target bond_generate_messages_lisp
[ 30%] Built target dynamic_reconfigure_generate_messages_nodejs
[ 30%] Built target tf2_msgs_generate_messages_py
[ 30%] Built target bond_generate_messages_py
[ 30%] Built target pcl_msgs_generate_messages_nodejs
[ 30%] Built target bond_generate_messages_eus
[35m[1mScanning dependencies of target radar_ego_velocity_estimator[0m
[ 34%] [32mBuilding CXX object CMakeFiles/radar_ego_velocity_estimator.dir/src/radar_ego_velocity_estimator.cpp.o[0m
[ 39%] [32m[1mLinking CXX shared library /home/ypandos/work/rostest/devel/.private/radar_ego_velocity_estimator/lib/libradar_ego_velocity_estimator.so[0m
[ 65%] Built target radar_ego_velocity_estimator
[ 82%] [32m[1mLinking CXX executable /home/ypandos/work/rostest/devel/.private/radar_ego_velocity_estimator/lib/radar_ego_velocity_estimator/radar_body_velocity_estimation_rosbag_node[0m
[ 82%] [32m[1mLinking CXX executable /home/ypandos/work/rostest/devel/.private/radar_ego_velocity_estimator/lib/radar_ego_velocity_estimator/radar_ego_velocity_estimation_ros_node[0m
[ 82%] [32m[1mLinking CXX executable /home/ypandos/work/rostest/devel/.private/radar_ego_velocity_estimator/lib/radar_ego_velocity_estimator/radar_body_velocity_estimation_ros_node[0m
[ 82%] [32m[1mLinking CXX executable /home/ypandos/work/rostest/devel/.private/radar_ego_velocity_estimator/lib/radar_ego_velocity_estimator/radar_ego_velocity_estimation_rosbag_node[0m
[ 91%] Built target radar_ego_velocity_estimation_ros_node
[ 91%] Built target radar_ego_velocity_estimation_rosbag_node
[ 95%] Built target radar_body_velocity_estimation_ros_node
[100%] Built target radar_body_velocity_estimation_rosbag_node
