[35m[1mScanning dependencies of target actionlib_generate_messages_cpp[0m
[35m[1mScanning dependencies of target pcl_msgs_generate_messages_lisp[0m
[35m[1mScanning dependencies of target tf2_msgs_generate_messages_nodejs[0m
[35m[1mScanning dependencies of target actionlib_msgs_generate_messages_cpp[0m
[35m[1mScanning dependencies of target actionlib_msgs_generate_messages_py[0m
[35m[1mScanning dependencies of target tf2_msgs_generate_messages_lisp[0m
[35m[1mScanning dependencies of target actionlib_generate_messages_py[0m
[35m[1mScanning dependencies of target actionlib_generate_messages_nodejs[0m
[35m[1mScanning dependencies of target tf_generate_messages_nodejs[0m
[35m[1mScanning dependencies of target tf2_msgs_generate_messages_eus[0m
[35m[1mScanning dependencies of target tf_generate_messages_lisp[0m
[35m[1mScanning dependencies of target radar_ego_velocity_estimator_gencfg[0m
[35m[1mScanning dependencies of target tf_generate_messages_cpp[0m
[  0%] Built target actionlib_generate_messages_cpp
[35m[1mScanning dependencies of target sensor_msgs_generate_messages_py[0m
[  0%] Built target actionlib_msgs_generate_messages_cpp
[  0%] Built target tf2_msgs_generate_messages_lisp
[  0%] Built target actionlib_msgs_generate_messages_py
[  0%] Built target tf2_msgs_generate_messages_nodejs
[  0%] Built target pcl_msgs_generate_messages_lisp
[  0%] Built target actionlib_generate_messages_nodejs
[  0%] Built target tf_generate_messages_nodejs
[  0%] Built target tf_generate_messages_lisp
[  0%] Built target tf2_msgs_generate_messages_eus
[  0%] Built target actionlib_generate_messages_py
[  4%] [34m[1mGenerating dynamic reconfigure files from cfg/RadarEgoVelocityEstimator.cfg: /home/ypandos/work/rostest/devel/.private/radar_ego_velocity_estimator/include/radar_ego_velocity_estimator/RadarEgoVelocityEstimatorConfig.h /home/ypandos/work/rostest/devel/.private/radar_ego_velocity_estimator/lib/python3/dist-packages/radar_ego_velocity_estimator/cfg/RadarEgoVelocityEstimatorConfig.py[0m
[  4%] Built target tf_generate_messages_cpp
[35m[1mScanning dependencies of target actionlib_generate_messages_eus[0m
[  4%] Built target sensor_msgs_generate_messages_py
[35m[1mScanning dependencies of target std_srvs_generate_messages_eus[0m
[35m[1mScanning dependencies of target std_srvs_generate_messages_lisp[0m
[35m[1mScanning dependencies of target pcl_msgs_generate_messages_py[0m
[35m[1mScanning dependencies of target std_msgs_generate_messages_py[0m
[35m[1mScanning dependencies of target tf2_msgs_generate_messages_cpp[0m
[35m[1mScanning dependencies of target rosgraph_msgs_generate_messages_cpp[0m
[35m[1mScanning dependencies of target sensor_msgs_generate_messages_nodejs[0m
[35m[1mScanning dependencies of target sensor_msgs_generate_messages_cpp[0m
[35m[1mScanning dependencies of target dynamic_reconfigure_generate_messages_lisp[0m
[35m[1mScanning dependencies of target geometry_msgs_generate_messages_eus[0m
[35m[1mScanning dependencies of target std_srvs_generate_messages_cpp[0m
[  4%] Built target tf2_msgs_generate_messages_cpp
[  4%] Built target std_srvs_generate_messages_lisp
[  4%] Built target pcl_msgs_generate_messages_py
[  4%] Built target sensor_msgs_generate_messages_cpp
[35m[1mScanning dependencies of target std_msgs_generate_messages_cpp[0m
[  4%] Built target std_srvs_generate_messages_eus
[  4%] Built target rosgraph_msgs_generate_messages_cpp
[  4%] Built target actionlib_generate_messages_eus
[  4%] Built target sensor_msgs_generate_messages_nodejs
[  4%] Built target std_msgs_generate_messages_py
[  4%] Built target geometry_msgs_generate_messages_eus
[  4%] Built target dynamic_reconfigure_generate_messages_lisp
[  4%] Built target std_srvs_generate_messages_cpp
[  4%] Built target std_msgs_generate_messages_cpp
[35m[1mScanning dependencies of target nodelet_generate_messages_lisp[0m
[35m[1mScanning dependencies of target odrpack[0m
[35m[1mScanning dependencies of target tf_generate_messages_eus[0m
[35m[1mScanning dependencies of target std_msgs_generate_messages_nodejs[0m
[35m[1mScanning dependencies of target std_msgs_generate_messages_lisp[0m
[35m[1mScanning dependencies of target roscpp_generate_messages_lisp[0m
[35m[1mScanning dependencies of target actionlib_generate_messages_lisp[0m
[35m[1mScanning dependencies of target rosgraph_msgs_generate_messages_lisp[0m
[35m[1mScanning dependencies of target rosgraph_msgs_generate_messages_nodejs[0m
[35m[1mScanning dependencies of target actionlib_msgs_generate_messages_eus[0m
[  4%] Built target nodelet_generate_messages_lisp
[  4%] Built target std_msgs_generate_messages_lisp
[  4%] Built target std_msgs_generate_messages_nodejs
[35m[1mScanning dependencies of target rosgraph_msgs_generate_messages_py[0m
[  4%] Built target roscpp_generate_messages_lisp
[  4%] Built target actionlib_generate_messages_lisp
[  4%] Built target tf_generate_messages_eus
[35m[1mScanning dependencies of target dynamic_reconfigure_generate_messages_py[0m
[35m[1mScanning dependencies of target roscpp_generate_messages_py[0m
[  4%] Built target rosgraph_msgs_generate_messages_lisp
[  4%] Built target actionlib_msgs_generate_messages_eus
[  8%] [32mBuilding Fortran object CMakeFiles/odrpack.dir/src/odrpack/real_precision.f.o[0m
[  8%] Built target rosgraph_msgs_generate_messages_nodejs
[ 13%] [32mBuilding Fortran object CMakeFiles/odrpack.dir/src/odrpack/d_odr.f.o[0m
[35m[1mScanning dependencies of target dynamic_reconfigure_generate_messages_cpp[0m
[35m[1mScanning dependencies of target topic_tools_generate_messages_eus[0m
[01m[Kf951:[m[K [01;35m[KWarning:[m[K command line option ‘[01m[K-std=c++14[m[K’ is valid for C++/ObjC++ but not for Fortran
[01m[Kf951:[m[K [01;35m[KWarning:[m[K command line option ‘[01m[K-std=c++14[m[K’ is valid for C++/ObjC++ but not for Fortran
[ 13%] Built target rosgraph_msgs_generate_messages_py
[35m[1mScanning dependencies of target rosgraph_msgs_generate_messages_eus[0m
[35m[1mScanning dependencies of target std_srvs_generate_messages_py[0m
[ 17%] [32mBuilding Fortran object CMakeFiles/odrpack.dir/src/odrpack/d_mprec.f.o[0m
[ 17%] Built target dynamic_reconfigure_generate_messages_py
[ 21%] [32mBuilding Fortran object CMakeFiles/odrpack.dir/src/odrpack/dlunoc.f.o[0m
[ 21%] Built target roscpp_generate_messages_py
[35m[1mScanning dependencies of target topic_tools_generate_messages_py[0m
[35m[1mScanning dependencies of target pcl_ros_gencfg[0m
[01m[Kf951:[m[K [01;35m[KWarning:[m[K command line option ‘[01m[K-std=c++14[m[K’ is valid for C++/ObjC++ but not for Fortran
[01m[Kf951:[m[K [01;35m[KWarning:[m[K command line option ‘[01m[K-std=c++14[m[K’ is valid for C++/ObjC++ but not for Fortran
[ 21%] Built target dynamic_reconfigure_generate_messages_cpp
[ 21%] Built target topic_tools_generate_messages_eus
[35m[1mScanning dependencies of target roscpp_generate_messages_cpp[0m
[ 21%] Built target rosgraph_msgs_generate_messages_eus
[ 21%] Built target std_srvs_generate_messages_py
[35m[1mScanning dependencies of target roscpp_generate_messages_eus[0m
[35m[1mScanning dependencies of target topic_tools_generate_messages_nodejs[0m
[ 21%] Built target topic_tools_generate_messages_py
[ 21%] Built target pcl_ros_gencfg
[35m[1mScanning dependencies of target topic_tools_generate_messages_cpp[0m
[ 21%] Built target roscpp_generate_messages_cpp
[35m[1mScanning dependencies of target pcl_msgs_generate_messages_eus[0m
[35m[1mScanning dependencies of target actionlib_msgs_generate_messages_nodejs[0m
[35m[1mScanning dependencies of target actionlib_msgs_generate_messages_lisp[0m
[ 21%] Built target topic_tools_generate_messages_nodejs
[ 21%] Built target roscpp_generate_messages_eus
[35m[1mScanning dependencies of target tf_generate_messages_py[0m
[35m[1mScanning dependencies of target std_msgs_generate_messages_eus[0m
[ 21%] Built target topic_tools_generate_messages_cpp
[ 26%] [32mBuilding Fortran object CMakeFiles/odrpack.dir/src/odrpack/lpkbls.f.o[0m
[ 26%] Built target pcl_msgs_generate_messages_eus
[35m[1mScanning dependencies of target roscpp_generate_messages_nodejs[0m
[ 26%] Built target actionlib_msgs_generate_messages_lisp
[ 26%] Built target actionlib_msgs_generate_messages_nodejs
[35m[1mScanning dependencies of target topic_tools_generate_messages_lisp[0m
[01m[Kf951:[m[K [01;35m[KWarning:[m[K command line option ‘[01m[K-std=c++14[m[K’ is valid for C++/ObjC++ but not for Fortran
[35m[1mScanning dependencies of target sensor_msgs_generate_messages_lisp[0m
[35m[1mScanning dependencies of target nodelet_generate_messages_cpp[0m
[35m[1mScanning dependencies of target dynamic_reconfigure_gencfg[0m
[ 26%] Built target std_msgs_generate_messages_eus
[ 26%] Built target tf_generate_messages_py
[ 26%] Built target roscpp_generate_messages_nodejs
[35m[1mScanning dependencies of target nodelet_topic_tools_gencfg[0m
[35m[1mScanning dependencies of target sensor_msgs_generate_messages_eus[0m
[ 26%] Built target nodelet_generate_messages_cpp
[ 26%] Built target sensor_msgs_generate_messages_lisp
[ 26%] Built target topic_tools_generate_messages_lisp
[ 26%] Built target dynamic_reconfigure_gencfg
[35m[1mScanning dependencies of target pcl_msgs_generate_messages_cpp[0m
Generating reconfiguration files for RadarEgoVelocityEstimator in radar_ego_velocity_estimation
[35m[1mScanning dependencies of target dynamic_reconfigure_generate_messages_eus[0m
[35m[1mScanning dependencies of target geometry_msgs_generate_messages_lisp[0m
[35m[1mScanning dependencies of target geometry_msgs_generate_messages_nodejs[0m
[35m[1mScanning dependencies of target geometry_msgs_generate_messages_cpp[0m
Wrote header file in /home/ypandos/work/rostest/devel/.private/radar_ego_velocity_estimator/include/radar_ego_velocity_estimator/RadarEgoVelocityEstimatorConfig.h
[ 26%] Built target nodelet_topic_tools_gencfg
[ 26%] Built target sensor_msgs_generate_messages_eus
[35m[1mScanning dependencies of target nodelet_generate_messages_nodejs[0m
[35m[1mScanning dependencies of target nodelet_generate_messages_eus[0m
[35m[1mScanning dependencies of target geometry_msgs_generate_messages_py[0m
[ 26%] Built target pcl_msgs_generate_messages_cpp
[ 26%] Built target dynamic_reconfigure_generate_messages_eus
[ 26%] Built target geometry_msgs_generate_messages_nodejs
[35m[1mScanning dependencies of target bond_generate_messages_nodejs[0m
[ 26%] Built target geometry_msgs_generate_messages_cpp
[ 26%] Built target geometry_msgs_generate_messages_lisp
[ 26%] Built target nodelet_generate_messages_eus
[35m[1mScanning dependencies of target nodelet_generate_messages_py[0m
[35m[1mScanning dependencies of target std_srvs_generate_messages_nodejs[0m
[ 26%] Built target nodelet_generate_messages_nodejs
[ 26%] Built target geometry_msgs_generate_messages_py
[35m[1mScanning dependencies of target bond_generate_messages_eus[0m
[35m[1mScanning dependencies of target bond_generate_messages_lisp[0m
[35m[1mScanning dependencies of target bond_generate_messages_cpp[0m
[35m[1mScanning dependencies of target tf2_msgs_generate_messages_py[0m
[35m[1mScanning dependencies of target dynamic_reconfigure_generate_messages_nodejs[0m
[ 26%] Built target bond_generate_messages_nodejs
[35m[1mScanning dependencies of target bond_generate_messages_py[0m
[ 26%] Built target nodelet_generate_messages_py
[ 26%] Built target std_srvs_generate_messages_nodejs
[35m[1mScanning dependencies of target pcl_msgs_generate_messages_nodejs[0m
[ 26%] Built target bond_generate_messages_eus
[ 26%] Built target tf2_msgs_generate_messages_py
[ 26%] Built target dynamic_reconfigure_generate_messages_nodejs
[ 26%] Built target bond_generate_messages_lisp
[ 26%] Built target bond_generate_messages_py
[ 26%] Built target pcl_msgs_generate_messages_nodejs
[ 26%] Built target bond_generate_messages_cpp
[ 26%] Built target radar_ego_velocity_estimator_gencfg
[ 30%] [32m[1mLinking Fortran shared library /home/ypandos/work/rostest/devel/.private/radar_ego_velocity_estimator/lib/libodrpack.so[0m
[ 30%] Built target odrpack
[35m[1mScanning dependencies of target radar_ego_velocity_estimator[0m
[ 34%] [32mBuilding CXX object CMakeFiles/radar_ego_velocity_estimator.dir/src/simple_profiler.cpp.o[0m
[ 39%] [32mBuilding CXX object CMakeFiles/radar_ego_velocity_estimator.dir/src/radar_point_cloud.cpp.o[0m
[ 43%] [32mBuilding CXX object CMakeFiles/radar_ego_velocity_estimator.dir/src/radar_ego_velocity_estimator.cpp.o[0m
[ 47%] [32mBuilding CXX object CMakeFiles/radar_ego_velocity_estimator.dir/src/odr.cpp.o[0m
[ 52%] [32mBuilding CXX object CMakeFiles/radar_ego_velocity_estimator.dir/src/radar_ego_velocity_estimator_ros.cpp.o[0m
[ 56%] [32mBuilding CXX object CMakeFiles/radar_ego_velocity_estimator.dir/src/radar_body_velocity_estimator.cpp.o[0m
[ 60%] [32mBuilding CXX object CMakeFiles/radar_ego_velocity_estimator.dir/src/radar_body_velocity_estimator_ros.cpp.o[0m
[ 65%] [32m[1mLinking CXX shared library /home/ypandos/work/rostest/devel/.private/radar_ego_velocity_estimator/lib/libradar_ego_velocity_estimator.so[0m
[ 65%] Built target radar_ego_velocity_estimator
[35m[1mScanning dependencies of target radar_body_velocity_estimation_ros_node[0m
[35m[1mScanning dependencies of target radar_ego_velocity_estimation_ros_node[0m
[35m[1mScanning dependencies of target radar_ego_velocity_estimation_rosbag_node[0m
[35m[1mScanning dependencies of target radar_body_velocity_estimation_rosbag_node[0m
[ 82%] [32mBuilding CXX object CMakeFiles/radar_body_velocity_estimation_ros_node.dir/src/nodes/radar_body_velocity_estimation_ros_node.cpp.o[0m
[ 82%] [32mBuilding CXX object CMakeFiles/radar_ego_velocity_estimation_ros_node.dir/src/nodes/radar_ego_velocity_estimation_ros_node.cpp.o[0m
[ 82%] [32mBuilding CXX object CMakeFiles/radar_ego_velocity_estimation_rosbag_node.dir/src/nodes/radar_ego_velocity_estimation_rosbag_node.cpp.o[0m
[ 82%] [32mBuilding CXX object CMakeFiles/radar_body_velocity_estimation_rosbag_node.dir/src/nodes/radar_body_velocity_estimation_rosbag_node.cpp.o[0m
[ 86%] [32m[1mLinking CXX executable /home/ypandos/work/rostest/devel/.private/radar_ego_velocity_estimator/lib/radar_ego_velocity_estimator/radar_body_velocity_estimation_ros_node[0m
[ 91%] [32m[1mLinking CXX executable /home/ypandos/work/rostest/devel/.private/radar_ego_velocity_estimator/lib/radar_ego_velocity_estimator/radar_body_velocity_estimation_rosbag_node[0m
[ 95%] [32m[1mLinking CXX executable /home/ypandos/work/rostest/devel/.private/radar_ego_velocity_estimator/lib/radar_ego_velocity_estimator/radar_ego_velocity_estimation_ros_node[0m
[100%] [32m[1mLinking CXX executable /home/ypandos/work/rostest/devel/.private/radar_ego_velocity_estimator/lib/radar_ego_velocity_estimator/radar_ego_velocity_estimation_rosbag_node[0m
[100%] Built target radar_body_velocity_estimation_ros_node
[100%] Built target radar_body_velocity_estimation_rosbag_node
[100%] Built target radar_ego_velocity_estimation_ros_node
[100%] Built target radar_ego_velocity_estimation_rosbag_node
