[  5%] Built target roscpp_generate_messages_nodejs
[  5%] Built target actionlib_msgs_generate_messages_lisp
[  5%] Built target std_msgs_generate_messages_py
[  5%] Built target geometry_msgs_generate_messages_nodejs
[  5%] Built target dynamic_reconfigure_generate_messages_nodejs
[  5%] Built target dynamic_reconfigure_generate_messages_py
[  5%] Built target sensor_msgs_generate_messages_py
[  5%] Built target geometry_msgs_generate_messages_py
[  5%] Built target roscpp_generate_messages_py
[  5%] Built target ekf_rio_gencfg
[  5%] Built target std_msgs_generate_messages_nodejs
[  5%] Built target sensor_msgs_generate_messages_nodejs
[  5%] Built target roscpp_generate_messages_eus
[  5%] Built target std_msgs_generate_messages_eus
[  5%] Built target tf_generate_messages_lisp
[  5%] Built target radar_ego_velocity_estimator_gencfg
[  5%] Built target sensor_msgs_generate_messages_eus
[  5%] Built target tf_generate_messages_nodejs
[  5%] Built target dynamic_reconfigure_generate_messages_eus
[  5%] Built target geometry_msgs_generate_messages_eus
[  5%] Built target pcl_msgs_generate_messages_py
[  5%] Built target pcl_msgs_generate_messages_cpp
[  5%] Built target pcl_msgs_generate_messages_eus
[  5%] Built target bond_generate_messages_py
[  5%] Built target tf_generate_messages_cpp
[  5%] Built target pcl_msgs_generate_messages_lisp
[  5%] Built target pcl_msgs_generate_messages_nodejs
[  5%] Built target bond_generate_messages_eus
[  5%] Built target dynamic_reconfigure_generate_messages_cpp
[  5%] Built target roscpp_generate_messages_cpp
[  5%] Built target geometry_msgs_generate_messages_cpp
[  5%] Built target bond_generate_messages_nodejs
[  5%] Built target bond_generate_messages_lisp
[  5%] Built target std_msgs_generate_messages_cpp
[  5%] Built target _ekf_rio_generate_messages_check_deps_EkfRioState
[  5%] Built target _ekf_rio_generate_messages_check_deps_EkfRioCovariance
[  5%] Built target nodelet_generate_messages_nodejs
[  5%] Built target sensor_msgs_generate_messages_cpp
[  5%] Built target sensor_msgs_generate_messages_lisp
[  5%] Built target roscpp_generate_messages_lisp
[  5%] Built target geometry_msgs_generate_messages_lisp
[  5%] Built target dynamic_reconfigure_generate_messages_lisp
[  5%] Built target std_msgs_generate_messages_lisp
[  5%] Built target nodelet_generate_messages_cpp
[  5%] Built target nodelet_generate_messages_eus
[  5%] Built target pcl_ros_gencfg
[  5%] Built target tf2_msgs_generate_messages_nodejs
[  5%] Built target tf2_msgs_generate_messages_lisp
[  5%] Built target topic_tools_generate_messages_nodejs
[  5%] Built target tf2_msgs_generate_messages_eus
[  5%] Built target nodelet_topic_tools_gencfg
[  5%] Built target actionlib_generate_messages_lisp
[  5%] Built target nodelet_generate_messages_lisp
[  5%] Built target topic_tools_generate_messages_py
[  5%] Built target rosgraph_msgs_generate_messages_lisp
[  5%] Built target nodelet_generate_messages_py
[  5%] Built target rosgraph_msgs_generate_messages_py
[  5%] Built target tf_generate_messages_eus
[  5%] Built target std_srvs_generate_messages_nodejs
[  5%] Built target actionlib_msgs_generate_messages_eus
[  5%] Built target tf2_msgs_generate_messages_py
[  5%] Built target rosgraph_msgs_generate_messages_eus
[  5%] Built target std_srvs_generate_messages_py
[  5%] Built target bond_generate_messages_cpp
[  5%] Built target actionlib_msgs_generate_messages_py
[  5%] Built target std_srvs_generate_messages_eus
[  5%] Built target actionlib_generate_messages_cpp
[  5%] Built target rosgraph_msgs_generate_messages_nodejs
[  5%] Built target std_srvs_generate_messages_lisp
[  5%] Built target std_srvs_generate_messages_cpp
[  5%] Built target topic_tools_generate_messages_lisp
[  5%] Built target actionlib_generate_messages_eus
[  5%] Built target dynamic_reconfigure_gencfg
[  5%] Built target topic_tools_generate_messages_eus
[  5%] Built target topic_tools_generate_messages_cpp
[  5%] Built target tf2_msgs_generate_messages_cpp
[  5%] Built target actionlib_msgs_generate_messages_cpp
[  5%] Built target actionlib_generate_messages_py
[  5%] Built target rosgraph_msgs_generate_messages_cpp
[  5%] Built target actionlib_generate_messages_nodejs
[  5%] Built target tf_generate_messages_py
[  5%] Built target actionlib_msgs_generate_messages_nodejs
[ 45%] Built target ekf_rio_generate_messages_nodejs
[ 50%] Built target ekf_rio_generate_messages_py
[ 45%] Built target ekf_rio_generate_messages_cpp
[ 55%] Built target ekf_rio_generate_messages_eus
[ 65%] Built target ekf_rio_generate_messages_lisp
[35m[1mScanning dependencies of target ekf_rio[0m
[ 65%] Built target ekf_rio_generate_messages
[ 70%] [32mBuilding CXX object CMakeFiles/ekf_rio.dir/src/ekf_rio_ros.cpp.o[0m
[ 75%] [32m[1mLinking CXX shared library /home/ypandos/work/rostest/devel/.private/ekf_rio/lib/libekf_rio.so[0m
[ 80%] Built target ekf_rio
[35m[1mScanning dependencies of target ros_node[0m
[35m[1mScanning dependencies of target rosbag_node[0m
[ 85%] [32mBuilding CXX object CMakeFiles/ros_node.dir/src/nodes/ros_node.cpp.o[0m
[ 90%] [32mBuilding CXX object CMakeFiles/rosbag_node.dir/src/nodes/rosbag_node.cpp.o[0m
[ 95%] [32m[1mLinking CXX executable /home/ypandos/work/rostest/devel/.private/ekf_rio/lib/ekf_rio/rosbag_node[0m
[100%] [32m[1mLinking CXX executable /home/ypandos/work/rostest/devel/.private/ekf_rio/lib/ekf_rio/ros_node[0m
[100%] Built target rosbag_node
[100%] Built target ros_node
