Symlinking /home/ypandos/work/rostest/devel/lib/libekf_rio.so
Symlinking /home/ypandos/work/rostest/devel/lib/pkgconfig/ekf_rio.pc
Symlinking /home/ypandos/work/rostest/devel/lib/python3/dist-packages/ekf_rio/__init__.py
Symlinking /home/ypandos/work/rostest/devel/lib/python3/dist-packages/ekf_rio/msg/__init__.py
Symlinking /home/ypandos/work/rostest/devel/lib/python3/dist-packages/ekf_rio/msg/_EkfRioState.py
Symlinking /home/ypandos/work/rostest/devel/lib/python3/dist-packages/ekf_rio/msg/_EkfRioCovariance.py
Symlinking /home/ypandos/work/rostest/devel/lib/python3/dist-packages/ekf_rio/cfg/EkfRioConfig.py
Symlinking /home/ypandos/work/rostest/devel/lib/python3/dist-packages/ekf_rio/cfg/__init__.py
Symlinking /home/ypandos/work/rostest/devel/lib/ekf_rio/rosbag_node
Symlinking /home/ypandos/work/rostest/devel/lib/ekf_rio/ros_node
Symlinking /home/ypandos/work/rostest/devel/share/roseus/ros/ekf_rio/manifest.l
Symlinking /home/ypandos/work/rostest/devel/share/roseus/ros/ekf_rio/msg/EkfRioCovariance.l
Symlinking /home/ypandos/work/rostest/devel/share/roseus/ros/ekf_rio/msg/EkfRioState.l
Symlinking /home/ypandos/work/rostest/devel/share/common-lisp/ros/ekf_rio/msg/_package.lisp
Symlinking /home/ypandos/work/rostest/devel/share/common-lisp/ros/ekf_rio/msg/_package_EkfRioState.lisp
Symlinking /home/ypandos/work/rostest/devel/share/common-lisp/ros/ekf_rio/msg/ekf_rio-msg.asd
Symlinking /home/ypandos/work/rostest/devel/share/common-lisp/ros/ekf_rio/msg/_package_EkfRioCovariance.lisp
Symlinking /home/ypandos/work/rostest/devel/share/common-lisp/ros/ekf_rio/msg/EkfRioState.lisp
Symlinking /home/ypandos/work/rostest/devel/share/common-lisp/ros/ekf_rio/msg/EkfRioCovariance.lisp
Symlinking /home/ypandos/work/rostest/devel/share/gennodejs/ros/ekf_rio/_index.js
Symlinking /home/ypandos/work/rostest/devel/share/gennodejs/ros/ekf_rio/msg/_index.js
Symlinking /home/ypandos/work/rostest/devel/share/gennodejs/ros/ekf_rio/msg/EkfRioState.js
Symlinking /home/ypandos/work/rostest/devel/share/gennodejs/ros/ekf_rio/msg/EkfRioCovariance.js
Symlinking /home/ypandos/work/rostest/devel/share/ekf_rio/cmake/ekf_rioConfig-version.cmake
Symlinking /home/ypandos/work/rostest/devel/share/ekf_rio/cmake/ekf_rio-msg-extras.cmake
Symlinking /home/ypandos/work/rostest/devel/share/ekf_rio/cmake/ekf_rio-msg-paths.cmake
Symlinking /home/ypandos/work/rostest/devel/share/ekf_rio/cmake/ekf_rioConfig.cmake
Symlinking /home/ypandos/work/rostest/devel/share/ekf_rio/docs/EkfRioConfig-usage.dox
Symlinking /home/ypandos/work/rostest/devel/share/ekf_rio/docs/EkfRioConfig.dox
Symlinking /home/ypandos/work/rostest/devel/share/ekf_rio/docs/EkfRioConfig.wikidoc
Symlinking /home/ypandos/work/rostest/devel/include/ekf_rio/EkfRioState.h
Symlinking /home/ypandos/work/rostest/devel/include/ekf_rio/EkfRioCovariance.h
Symlinking /home/ypandos/work/rostest/devel/include/ekf_rio/EkfRioConfig.h
