[  0%] Built target geometry_msgs_generate_messages_py
[  0%] Built target actionlib_msgs_generate_messages_lisp
[  0%] Built target roscpp_generate_messages_py
[  0%] Built target std_msgs_generate_messages_py
[  0%] Built target dynamic_reconfigure_generate_messages_py
[  5%] Built target ekf_rio_gencfg
[  5%] Built target sensor_msgs_generate_messages_nodejs
[  5%] Built target sensor_msgs_generate_messages_py
[  5%] Built target std_msgs_generate_messages_nodejs
[  5%] Built target roscpp_generate_messages_eus
[  5%] Built target std_msgs_generate_messages_eus
[  5%] Built target geometry_msgs_generate_messages_nodejs
[  5%] Built target roscpp_generate_messages_nodejs
[  5%] Built target dynamic_reconfigure_generate_messages_nodejs
[  5%] Built target geometry_msgs_generate_messages_eus
[  5%] Built target sensor_msgs_generate_messages_eus
[  5%] Built target pcl_msgs_generate_messages_eus
[  5%] Built target tf_generate_messages_lisp
[  5%] Built target radar_ego_velocity_estimator_gencfg
[  5%] Built target tf_generate_messages_nodejs
[  5%] Built target pcl_msgs_generate_messages_nodejs
[  5%] Built target dynamic_reconfigure_generate_messages_eus
[  5%] Built target pcl_msgs_generate_messages_lisp
[  5%] Built target bond_generate_messages_nodejs
[  5%] Built target pcl_msgs_generate_messages_cpp
[  5%] Built target tf_generate_messages_cpp
[  5%] Built target pcl_msgs_generate_messages_py
[  5%] Built target bond_generate_messages_py
[  5%] Built target _ekf_rio_generate_messages_check_deps_EkfRioCovariance
[  5%] Built target geometry_msgs_generate_messages_cpp
[  5%] Built target _ekf_rio_generate_messages_check_deps_EkfRioState
[  5%] Built target dynamic_reconfigure_generate_messages_cpp
[  5%] Built target roscpp_generate_messages_cpp
[  5%] Built target std_msgs_generate_messages_cpp
[  5%] Built target sensor_msgs_generate_messages_cpp
[  5%] Built target bond_generate_messages_lisp
[  5%] Built target bond_generate_messages_eus
[  5%] Built target nodelet_generate_messages_nodejs
[  5%] Built target geometry_msgs_generate_messages_lisp
[  5%] Built target dynamic_reconfigure_generate_messages_lisp
[  5%] Built target std_msgs_generate_messages_lisp
[  5%] Built target nodelet_generate_messages_eus
[  5%] Built target sensor_msgs_generate_messages_lisp
[  5%] Built target roscpp_generate_messages_lisp
[  5%] Built target nodelet_generate_messages_cpp
[  5%] Built target pcl_ros_gencfg
[  5%] Built target tf2_msgs_generate_messages_nodejs
[  5%] Built target actionlib_generate_messages_lisp
[  5%] Built target tf2_msgs_generate_messages_lisp
[  5%] Built target topic_tools_generate_messages_nodejs
[  5%] Built target nodelet_generate_messages_lisp
[  5%] Built target nodelet_topic_tools_gencfg
[  5%] Built target tf2_msgs_generate_messages_eus
[  5%] Built target topic_tools_generate_messages_py
[  5%] Built target tf_generate_messages_eus
[  5%] Built target rosgraph_msgs_generate_messages_lisp
[  5%] Built target rosgraph_msgs_generate_messages_py
[  5%] Built target std_srvs_generate_messages_cpp
[  5%] Built target tf2_msgs_generate_messages_py
[  5%] Built target std_srvs_generate_messages_nodejs
[  5%] Built target actionlib_msgs_generate_messages_py
[  5%] Built target nodelet_generate_messages_py
[  5%] Built target rosgraph_msgs_generate_messages_eus
[  5%] Built target std_srvs_generate_messages_eus
[  5%] Built target std_srvs_generate_messages_lisp
[  5%] Built target std_srvs_generate_messages_py
[  5%] Built target tf2_msgs_generate_messages_cpp
[  5%] Built target rosgraph_msgs_generate_messages_nodejs
[  5%] Built target actionlib_msgs_generate_messages_eus
[  5%] Built target bond_generate_messages_cpp
[  5%] Built target actionlib_generate_messages_cpp
[  5%] Built target topic_tools_generate_messages_cpp
[  5%] Built target topic_tools_generate_messages_eus
[  5%] Built target actionlib_generate_messages_py
[  5%] Built target actionlib_msgs_generate_messages_cpp
[  5%] Built target dynamic_reconfigure_gencfg
[  5%] Built target actionlib_generate_messages_nodejs
[  5%] Built target tf_generate_messages_py
[  5%] Built target topic_tools_generate_messages_lisp
[  5%] Built target rosgraph_msgs_generate_messages_cpp
[  5%] Built target actionlib_msgs_generate_messages_nodejs
[ 20%] Built target ekf_rio_generate_messages_py
[ 20%] Built target actionlib_generate_messages_eus
[ 35%] Built target ekf_rio_generate_messages_eus
[ 45%] Built target ekf_rio_generate_messages_cpp
[ 55%] Built target ekf_rio_generate_messages_lisp
[ 65%] Built target ekf_rio_generate_messages_nodejs
[ 65%] Built target ekf_rio_generate_messages
[ 80%] Built target ekf_rio
[100%] Built target ros_node
[100%] Built target rosbag_node
