Not searching for unused variables given on the command line.
[36m--[0m Using CATKIN_DEVEL_PREFIX: /home/ypandos/work/rostest/devel/.private/ekf_rio
[36m--[0m Using CMAKE_PREFIX_PATH: /home/ypandos/work/rostest/devel;/opt/ros/noetic
[36m--[0m This workspace overlays: /home/ypandos/work/rostest/devel;/opt/ros/noetic
[36m--[0m Found PythonInterp: /usr/bin/python3 (found suitable version "3.8.10", minimum required is "3")
[36m--[0m Using PYTHON_EXECUTABLE: /usr/bin/python3
[36m--[0m Using Debian Python package layout
[36m--[0m Found PY_em: /usr/lib/python3/dist-packages/em.py
[36m--[0m Using empy: /usr/lib/python3/dist-packages/em.py
[36m--[0m Using CATKIN_ENABLE_TESTING: ON
[36m--[0m Call enable_testing()
[36m--[0m Using CATKIN_TEST_RESULTS_DIR: /home/ypandos/work/rostest/build/ekf_rio/test_results
[36m--[0m Forcing gtest/gmock from source, though one was otherwise available.
[36m--[0m Found gtest sources under '/usr/src/googletest': gtests will be built
[36m--[0m Found gmock sources under '/usr/src/googletest': gmock will be built
[36m--[0m Found PythonInterp: /usr/bin/python3 (found version "3.8.10")
[36m--[0m Found Threads: TRUE
[36m--[0m Using Python nosetests: /usr/bin/nosetests3
[36m--[0m catkin 0.8.10
[36m--[0m BUILD_SHARED_LIBS is on
[36m--[0m Using these message generators: gencpp;geneus;genlisp;gennodejs;genpy
[36m--[0m ekf_rio: 2 messages, 0 services
[36m--[0m Marking SHARED_LIBRARY "ekf_rio" of package "ekf_rio" for installation
[36m--[0m Marking EXECUTABLE "ros_node" of package "ekf_rio" for installation
[36m--[0m Marking EXECUTABLE "rosbag_node" of package "ekf_rio" for installation
[36m--[0m Marking HEADER FILES in "include" folder of package "ekf_rio" for installation
[36m--[0m Marking SHARED CONTENT FOLDER "launch" of package "ekf_rio" for installation
[36m--[0m Configuring done
[36m--[0m Generating done
[36m--[0m Build files have been written to: /home/ypandos/work/rostest/build/ekf_rio
